This is pdfTeX, Version 3.14159265-2.6-1.40.18 (TeX Live 2017) (preloaded format=pdflatex 2017.5.23)  27 JAN 2019 14:00
entering extended mode
 restricted \write18 enabled.
 file:line:error style messages enabled.
 %&-line parsing enabled.
**forallx-ubc.tex
(./forallx-ubc.tex
LaTeX2e <2017-04-15>
Babel <3.10> and hyphenation patterns for 84 language(s) loaded.
(/usr/local/texlive/2017/texmf-dist/tex/latex/base/book.cls
Document Class: book 2014/09/29 v1.4h Standard LaTeX document class
(/usr/local/texlive/2017/texmf-dist/tex/latex/base/bk10.clo
File: bk10.clo 2014/09/29 v1.4h Standard LaTeX file (size option)
)
\c@part=\count79
\c@chapter=\count80
\c@section=\count81
\c@subsection=\count82
\c@subsubsection=\count83
\c@paragraph=\count84
\c@subparagraph=\count85
\c@figure=\count86
\c@table=\count87
\abovecaptionskip=\skip41
\belowcaptionskip=\skip42
\bibindent=\dimen102
)
(./forallx-ubc.sty

LaTeX Warning: You have requested package `forallx-ubc',
               but the package provides `forallx'.

Package: forallx 2011/10/29 support for a logic textbook
(/usr/local/texlive/2017/texmf-dist/tex/latex/amsfonts/amssymb.sty
Package: amssymb 2013/01/14 v3.01 AMS font symbols

(/usr/local/texlive/2017/texmf-dist/tex/latex/amsfonts/amsfonts.sty
Package: amsfonts 2013/01/14 v3.01 Basic AMSFonts support
\@emptytoks=\toks14
\symAMSa=\mathgroup4
\symAMSb=\mathgroup5
LaTeX Font Info:    Overwriting math alphabet `\mathfrak' in version `bold'
(Font)                  U/euf/m/n --> U/euf/b/n on input line 106.
))
(/usr/local/texlive/2017/texmf-dist/tex/latex/amsmath/amsmath.sty
Package: amsmath 2016/11/05 v2.16a AMS math features
\@mathmargin=\skip43

For additional information on amsmath, use the `?' option.
(/usr/local/texlive/2017/texmf-dist/tex/latex/amsmath/amstext.sty
Package: amstext 2000/06/29 v2.01 AMS text

(/usr/local/texlive/2017/texmf-dist/tex/latex/amsmath/amsgen.sty
File: amsgen.sty 1999/11/30 v2.0 generic functions
\@emptytoks=\toks15
\ex@=\dimen103
))
(/usr/local/texlive/2017/texmf-dist/tex/latex/amsmath/amsbsy.sty
Package: amsbsy 1999/11/29 v1.2d Bold Symbols
\pmbraise@=\dimen104
)
(/usr/local/texlive/2017/texmf-dist/tex/latex/amsmath/amsopn.sty
Package: amsopn 2016/03/08 v2.02 operator names
)
\inf@bad=\count88
LaTeX Info: Redefining \frac on input line 213.
\uproot@=\count89
\leftroot@=\count90
LaTeX Info: Redefining \overline on input line 375.
\classnum@=\count91
\DOTSCASE@=\count92
LaTeX Info: Redefining \ldots on input line 472.
LaTeX Info: Redefining \dots on input line 475.
LaTeX Info: Redefining \cdots on input line 596.
\Mathstrutbox@=\box26
\strutbox@=\box27
\big@size=\dimen105
LaTeX Font Info:    Redeclaring font encoding OML on input line 712.
LaTeX Font Info:    Redeclaring font encoding OMS on input line 713.
\macc@depth=\count93
\c@MaxMatrixCols=\count94
\dotsspace@=\muskip10
\c@parentequation=\count95
\dspbrk@lvl=\count96
\tag@help=\toks16
\row@=\count97
\column@=\count98
\maxfields@=\count99
\andhelp@=\toks17
\eqnshift@=\dimen106
\alignsep@=\dimen107
\tagshift@=\dimen108
\tagwidth@=\dimen109
\totwidth@=\dimen110
\lineht@=\dimen111
\@envbody=\toks18
\multlinegap=\skip44
\multlinetaggap=\skip45
\mathdisplay@stack=\toks19
LaTeX Info: Redefining \[ on input line 2817.
LaTeX Info: Redefining \] on input line 2818.
)
(/usr/local/texlive/2017/texmf-dist/tex/latex/hyperref/hyperref.sty
Package: hyperref 2017/03/14 v6.85a Hypertext links for LaTeX

(/usr/local/texlive/2017/texmf-dist/tex/generic/oberdiek/hobsub-hyperref.sty
Package: hobsub-hyperref 2016/05/16 v1.14 Bundle oberdiek, subset hyperref (HO)


(/usr/local/texlive/2017/texmf-dist/tex/generic/oberdiek/hobsub-generic.sty
Package: hobsub-generic 2016/05/16 v1.14 Bundle oberdiek, subset generic (HO)
Package: hobsub 2016/05/16 v1.14 Construct package bundles (HO)
Package: infwarerr 2016/05/16 v1.4 Providing info/warning/error messages (HO)
Package: ltxcmds 2016/05/16 v1.23 LaTeX kernel commands for general use (HO)
Package: ifluatex 2016/05/16 v1.4 Provides the ifluatex switch (HO)
Package ifluatex Info: LuaTeX not detected.
Package: ifvtex 2016/05/16 v1.6 Detect VTeX and its facilities (HO)
Package ifvtex Info: VTeX not detected.
Package: intcalc 2016/05/16 v1.2 Expandable calculations with integers (HO)
Package: ifpdf 2017/03/15 v3.2 Provides the ifpdf switch
Package: etexcmds 2016/05/16 v1.6 Avoid name clashes with e-TeX commands (HO)
Package etexcmds Info: Could not find \expanded.
(etexcmds)             That can mean that you are not using pdfTeX 1.50 or
(etexcmds)             that some package has redefined \expanded.
(etexcmds)             In the latter case, load this package earlier.
Package: kvsetkeys 2016/05/16 v1.17 Key value parser (HO)
Package: kvdefinekeys 2016/05/16 v1.4 Define keys (HO)
Package: pdftexcmds 2017/03/19 v0.25 Utility functions of pdfTeX for LuaTeX (HO
)
Package pdftexcmds Info: LuaTeX not detected.
Package pdftexcmds Info: \pdf@primitive is available.
Package pdftexcmds Info: \pdf@ifprimitive is available.
Package pdftexcmds Info: \pdfdraftmode found.
Package: pdfescape 2016/05/16 v1.14 Implements pdfTeX's escape features (HO)
Package: bigintcalc 2016/05/16 v1.4 Expandable calculations on big integers (HO
)
Package: bitset 2016/05/16 v1.2 Handle bit-vector datatype (HO)
Package: uniquecounter 2016/05/16 v1.3 Provide unlimited unique counter (HO)
)
Package hobsub Info: Skipping package `hobsub' (already loaded).
Package: letltxmacro 2016/05/16 v1.5 Let assignment for LaTeX macros (HO)
Package: hopatch 2016/05/16 v1.3 Wrapper for package hooks (HO)
Package: xcolor-patch 2016/05/16 xcolor patch
Package: atveryend 2016/05/16 v1.9 Hooks at the very end of document (HO)
Package atveryend Info: \enddocument detected (standard20110627).
Package: atbegshi 2016/06/09 v1.18 At begin shipout hook (HO)
Package: refcount 2016/05/16 v3.5 Data extraction from label references (HO)
Package: hycolor 2016/05/16 v1.8 Color options for hyperref/bookmark (HO)
)
(/usr/local/texlive/2017/texmf-dist/tex/latex/graphics/keyval.sty
Package: keyval 2014/10/28 v1.15 key=value parser (DPC)
\KV@toks@=\toks20
)
(/usr/local/texlive/2017/texmf-dist/tex/generic/ifxetex/ifxetex.sty
Package: ifxetex 2010/09/12 v0.6 Provides ifxetex conditional
)
(/usr/local/texlive/2017/texmf-dist/tex/latex/oberdiek/auxhook.sty
Package: auxhook 2016/05/16 v1.4 Hooks for auxiliary files (HO)
)
(/usr/local/texlive/2017/texmf-dist/tex/latex/oberdiek/kvoptions.sty
Package: kvoptions 2016/05/16 v3.12 Key value format for package options (HO)
)
\@linkdim=\dimen112
\Hy@linkcounter=\count100
\Hy@pagecounter=\count101

(/usr/local/texlive/2017/texmf-dist/tex/latex/hyperref/pd1enc.def
File: pd1enc.def 2017/03/14 v6.85a Hyperref: PDFDocEncoding definition (HO)
)
\Hy@SavedSpaceFactor=\count102

(/usr/local/texlive/2017/texmf-dist/tex/latex/latexconfig/hyperref.cfg
File: hyperref.cfg 2002/06/06 v1.2 hyperref configuration of TeXLive
)
Package hyperref Info: Hyper figures OFF on input line 4498.
Package hyperref Info: Link nesting OFF on input line 4503.
Package hyperref Info: Hyper index ON on input line 4506.
Package hyperref Info: Plain pages OFF on input line 4513.
Package hyperref Info: Backreferencing OFF on input line 4518.
Package hyperref Info: Implicit mode ON; LaTeX internals redefined.
Package hyperref Info: Bookmarks ON on input line 4751.
\c@Hy@tempcnt=\count103

(/usr/local/texlive/2017/texmf-dist/tex/latex/url/url.sty
\Urlmuskip=\muskip11
Package: url 2013/09/16  ver 3.4  Verb mode for urls, etc.
)
LaTeX Info: Redefining \url on input line 5104.
\XeTeXLinkMargin=\dimen113
\Fld@menulength=\count104
\Field@Width=\dimen114
\Fld@charsize=\dimen115
Package hyperref Info: Hyper figures OFF on input line 6358.
Package hyperref Info: Link nesting OFF on input line 6363.
Package hyperref Info: Hyper index ON on input line 6366.
Package hyperref Info: backreferencing OFF on input line 6373.
Package hyperref Info: Link coloring OFF on input line 6378.
Package hyperref Info: Link coloring with OCG OFF on input line 6383.
Package hyperref Info: PDF/A mode OFF on input line 6388.
LaTeX Info: Redefining \ref on input line 6428.
LaTeX Info: Redefining \pageref on input line 6432.
\Hy@abspage=\count105
\c@Item=\count106
\c@Hfootnote=\count107
)

Package hyperref Message: Driver (autodetected): hpdftex.

(/usr/local/texlive/2017/texmf-dist/tex/latex/hyperref/hpdftex.def
File: hpdftex.def 2017/03/14 v6.85a Hyperref driver for pdfTeX
\Fld@listcount=\count108
\c@bookmark@seq@number=\count109

(/usr/local/texlive/2017/texmf-dist/tex/latex/oberdiek/rerunfilecheck.sty
Package: rerunfilecheck 2016/05/16 v1.8 Rerun checks for auxiliary files (HO)
Package uniquecounter Info: New unique counter `rerunfilecheck' on input line 2
82.
)
\Hy@SectionHShift=\skip46
)
(/usr/local/texlive/2017/texmf-dist/tex/latex/tools/multicol.sty
Package: multicol 2017/04/11 v1.8q multicolumn formatting (FMi)
\c@tracingmulticols=\count110
\mult@box=\box28
\multicol@leftmargin=\dimen116
\c@unbalance=\count111
\c@collectmore=\count112
\doublecol@number=\count113
\multicoltolerance=\count114
\multicolpretolerance=\count115
\full@width=\dimen117
\page@free=\dimen118
\premulticols=\dimen119
\postmulticols=\dimen120
\multicolsep=\skip47
\multicolbaselineskip=\skip48
\partial@page=\box29
\last@line=\box30
\maxbalancingoverflow=\dimen121
\mult@rightbox=\box31
\mult@grightbox=\box32
\mult@gfirstbox=\box33
\mult@firstbox=\box34
\@tempa=\box35
\@tempa=\box36
\@tempa=\box37
\@tempa=\box38
\@tempa=\box39
\@tempa=\box40
\@tempa=\box41
\@tempa=\box42
\@tempa=\box43
\@tempa=\box44
\@tempa=\box45
\@tempa=\box46
\@tempa=\box47
\@tempa=\box48
\@tempa=\box49
\@tempa=\box50
\@tempa=\box51
\c@columnbadness=\count116
\c@finalcolumnbadness=\count117
\last@try=\dimen122
\multicolovershoot=\dimen123
\multicolundershoot=\dimen124
\mult@nat@firstbox=\box52
\colbreak@box=\box53
\mc@col@check@num=\count118
)
(/usr/local/texlive/2017/texmf-dist/tex/latex/base/ifthen.sty
Package: ifthen 2014/09/29 v1.1c Standard LaTeX ifthen package (DPC)
)
(./prooftrees-mod.sty
(/usr/local/texlive/2017/texmf-dist/tex/latex/svn-prov/svn-prov.sty
Package: svn-prov 2010/04/24 v3.1862 Package Date/Version from SVN Keywords
)

LaTeX Warning: You have requested package `prooftrees-mod',
               but the package provides `prooftrees'.

Package: prooftrees 2017/02/09 v0.6 (SVN Rev: 5848)
(/usr/local/texlive/2017/texmf-dist/tex/latex/etoolbox/etoolbox.sty
Package: etoolbox 2017/01/02 v2.4 e-TeX tools for LaTeX (JAW)
\etb@tempcnta=\count119
)
(/usr/local/texlive/2017/texmf-dist/tex/latex/forest/forest.sty
Package: forest 2017/02/02 v2.1.4 Drawing (linguistic) trees

(/usr/local/texlive/2017/texmf-dist/tex/latex/pgf/frontendlayer/tikz.sty
(/usr/local/texlive/2017/texmf-dist/tex/latex/pgf/basiclayer/pgf.sty
(/usr/local/texlive/2017/texmf-dist/tex/latex/pgf/utilities/pgfrcs.sty
(/usr/local/texlive/2017/texmf-dist/tex/generic/pgf/utilities/pgfutil-common.te
x
\pgfutil@everybye=\toks21
\pgfutil@tempdima=\dimen125
\pgfutil@tempdimb=\dimen126

(/usr/local/texlive/2017/texmf-dist/tex/generic/pgf/utilities/pgfutil-common-li
sts.tex))
(/usr/local/texlive/2017/texmf-dist/tex/generic/pgf/utilities/pgfutil-latex.def
\pgfutil@abb=\box54
(/usr/local/texlive/2017/texmf-dist/tex/latex/ms/everyshi.sty
Package: everyshi 2001/05/15 v3.00 EveryShipout Package (MS)
))
(/usr/local/texlive/2017/texmf-dist/tex/generic/pgf/utilities/pgfrcs.code.tex
Package: pgfrcs 2015/08/07 v3.0.1a (rcs-revision 1.31)
))
Package: pgf 2015/08/07 v3.0.1a (rcs-revision 1.15)
(/usr/local/texlive/2017/texmf-dist/tex/latex/pgf/basiclayer/pgfcore.sty
(/usr/local/texlive/2017/texmf-dist/tex/latex/graphics/graphicx.sty
Package: graphicx 2014/10/28 v1.0g Enhanced LaTeX Graphics (DPC,SPQR)

(/usr/local/texlive/2017/texmf-dist/tex/latex/graphics/graphics.sty
Package: graphics 2017/04/14 v1.1b Standard LaTeX Graphics (DPC,SPQR)

(/usr/local/texlive/2017/texmf-dist/tex/latex/graphics/trig.sty
Package: trig 2016/01/03 v1.10 sin cos tan (DPC)
)
(/usr/local/texlive/2017/texmf-dist/tex/latex/graphics-cfg/graphics.cfg
File: graphics.cfg 2016/06/04 v1.11 sample graphics configuration
)
Package graphics Info: Driver file: pdftex.def on input line 99.

(/usr/local/texlive/2017/texmf-dist/tex/latex/graphics-def/pdftex.def
File: pdftex.def 2017/01/12 v0.06k Graphics/color for pdfTeX
\Gread@gobject=\count120
))
\Gin@req@height=\dimen127
\Gin@req@width=\dimen128
)
(/usr/local/texlive/2017/texmf-dist/tex/latex/pgf/systemlayer/pgfsys.sty
(/usr/local/texlive/2017/texmf-dist/tex/generic/pgf/systemlayer/pgfsys.code.tex
Package: pgfsys 2014/07/09 v3.0.1a (rcs-revision 1.48)
(/usr/local/texlive/2017/texmf-dist/tex/generic/pgf/utilities/pgfkeys.code.tex
\pgfkeys@pathtoks=\toks22
\pgfkeys@temptoks=\toks23

(/usr/local/texlive/2017/texmf-dist/tex/generic/pgf/utilities/pgfkeysfiltered.c
ode.tex
\pgfkeys@tmptoks=\toks24
))
\pgf@x=\dimen129
\pgf@y=\dimen130
\pgf@xa=\dimen131
\pgf@ya=\dimen132
\pgf@xb=\dimen133
\pgf@yb=\dimen134
\pgf@xc=\dimen135
\pgf@yc=\dimen136
\w@pgf@writea=\write3
\r@pgf@reada=\read1
\c@pgf@counta=\count121
\c@pgf@countb=\count122
\c@pgf@countc=\count123
\c@pgf@countd=\count124
\t@pgf@toka=\toks25
\t@pgf@tokb=\toks26
\t@pgf@tokc=\toks27

(/usr/local/texlive/2017/texmf-dist/tex/generic/pgf/systemlayer/pgf.cfg
File: pgf.cfg 2008/05/14  (rcs-revision 1.7)
)
Driver file for pgf: pgfsys-pdftex.def

(/usr/local/texlive/2017/texmf-dist/tex/generic/pgf/systemlayer/pgfsys-pdftex.d
ef
File: pgfsys-pdftex.def 2014/10/11  (rcs-revision 1.35)

(/usr/local/texlive/2017/texmf-dist/tex/generic/pgf/systemlayer/pgfsys-common-p
df.def
File: pgfsys-common-pdf.def 2013/10/10  (rcs-revision 1.13)
)))
(/usr/local/texlive/2017/texmf-dist/tex/generic/pgf/systemlayer/pgfsyssoftpath.
code.tex
File: pgfsyssoftpath.code.tex 2013/09/09  (rcs-revision 1.9)
\pgfsyssoftpath@smallbuffer@items=\count125
\pgfsyssoftpath@bigbuffer@items=\count126
)
(/usr/local/texlive/2017/texmf-dist/tex/generic/pgf/systemlayer/pgfsysprotocol.
code.tex
File: pgfsysprotocol.code.tex 2006/10/16  (rcs-revision 1.4)
)) (/usr/local/texlive/2017/texmf-dist/tex/latex/xcolor/xcolor.sty
Package: xcolor 2016/05/11 v2.12 LaTeX color extensions (UK)

(/usr/local/texlive/2017/texmf-dist/tex/latex/graphics-cfg/color.cfg
File: color.cfg 2016/01/02 v1.6 sample color configuration
)
Package xcolor Info: Driver file: pdftex.def on input line 225.
Package xcolor Info: Model `cmy' substituted by `cmy0' on input line 1348.
Package xcolor Info: Model `hsb' substituted by `rgb' on input line 1352.
Package xcolor Info: Model `RGB' extended on input line 1364.
Package xcolor Info: Model `HTML' substituted by `rgb' on input line 1366.
Package xcolor Info: Model `Hsb' substituted by `hsb' on input line 1367.
Package xcolor Info: Model `tHsb' substituted by `hsb' on input line 1368.
Package xcolor Info: Model `HSB' substituted by `hsb' on input line 1369.
Package xcolor Info: Model `Gray' substituted by `gray' on input line 1370.
Package xcolor Info: Model `wave' substituted by `hsb' on input line 1371.
)
(/usr/local/texlive/2017/texmf-dist/tex/generic/pgf/basiclayer/pgfcore.code.tex
Package: pgfcore 2010/04/11 v3.0.1a (rcs-revision 1.7)
(/usr/local/texlive/2017/texmf-dist/tex/generic/pgf/math/pgfmath.code.tex
(/usr/local/texlive/2017/texmf-dist/tex/generic/pgf/math/pgfmathcalc.code.tex
(/usr/local/texlive/2017/texmf-dist/tex/generic/pgf/math/pgfmathutil.code.tex)
(/usr/local/texlive/2017/texmf-dist/tex/generic/pgf/math/pgfmathparser.code.tex
\pgfmath@dimen=\dimen137
\pgfmath@count=\count127
\pgfmath@box=\box55
\pgfmath@toks=\toks28
\pgfmath@stack@operand=\toks29
\pgfmath@stack@operation=\toks30
)
(/usr/local/texlive/2017/texmf-dist/tex/generic/pgf/math/pgfmathfunctions.code.
tex
(/usr/local/texlive/2017/texmf-dist/tex/generic/pgf/math/pgfmathfunctions.basic
.code.tex)
(/usr/local/texlive/2017/texmf-dist/tex/generic/pgf/math/pgfmathfunctions.trigo
nometric.code.tex)
(/usr/local/texlive/2017/texmf-dist/tex/generic/pgf/math/pgfmathfunctions.rando
m.code.tex)
(/usr/local/texlive/2017/texmf-dist/tex/generic/pgf/math/pgfmathfunctions.compa
rison.code.tex)
(/usr/local/texlive/2017/texmf-dist/tex/generic/pgf/math/pgfmathfunctions.base.
code.tex)
(/usr/local/texlive/2017/texmf-dist/tex/generic/pgf/math/pgfmathfunctions.round
.code.tex)
(/usr/local/texlive/2017/texmf-dist/tex/generic/pgf/math/pgfmathfunctions.misc.
code.tex)
(/usr/local/texlive/2017/texmf-dist/tex/generic/pgf/math/pgfmathfunctions.integ
erarithmetics.code.tex)))
(/usr/local/texlive/2017/texmf-dist/tex/generic/pgf/math/pgfmathfloat.code.tex
\c@pgfmathroundto@lastzeros=\count128
))
(/usr/local/texlive/2017/texmf-dist/tex/generic/pgf/basiclayer/pgfcorepoints.co
de.tex
File: pgfcorepoints.code.tex 2013/10/07  (rcs-revision 1.27)
\pgf@picminx=\dimen138
\pgf@picmaxx=\dimen139
\pgf@picminy=\dimen140
\pgf@picmaxy=\dimen141
\pgf@pathminx=\dimen142
\pgf@pathmaxx=\dimen143
\pgf@pathminy=\dimen144
\pgf@pathmaxy=\dimen145
\pgf@xx=\dimen146
\pgf@xy=\dimen147
\pgf@yx=\dimen148
\pgf@yy=\dimen149
\pgf@zx=\dimen150
\pgf@zy=\dimen151
)
(/usr/local/texlive/2017/texmf-dist/tex/generic/pgf/basiclayer/pgfcorepathconst
ruct.code.tex
File: pgfcorepathconstruct.code.tex 2013/10/07  (rcs-revision 1.29)
\pgf@path@lastx=\dimen152
\pgf@path@lasty=\dimen153
)
(/usr/local/texlive/2017/texmf-dist/tex/generic/pgf/basiclayer/pgfcorepathusage
.code.tex
File: pgfcorepathusage.code.tex 2014/11/02  (rcs-revision 1.24)
\pgf@shorten@end@additional=\dimen154
\pgf@shorten@start@additional=\dimen155
)
(/usr/local/texlive/2017/texmf-dist/tex/generic/pgf/basiclayer/pgfcorescopes.co
de.tex
File: pgfcorescopes.code.tex 2015/05/08  (rcs-revision 1.46)
\pgfpic=\box56
\pgf@hbox=\box57
\pgf@layerbox@main=\box58
\pgf@picture@serial@count=\count129
)
(/usr/local/texlive/2017/texmf-dist/tex/generic/pgf/basiclayer/pgfcoregraphicst
ate.code.tex
File: pgfcoregraphicstate.code.tex 2014/11/02  (rcs-revision 1.12)
\pgflinewidth=\dimen156
)
(/usr/local/texlive/2017/texmf-dist/tex/generic/pgf/basiclayer/pgfcoretransform
ations.code.tex
File: pgfcoretransformations.code.tex 2015/08/07  (rcs-revision 1.20)
\pgf@pt@x=\dimen157
\pgf@pt@y=\dimen158
\pgf@pt@temp=\dimen159
)
(/usr/local/texlive/2017/texmf-dist/tex/generic/pgf/basiclayer/pgfcorequick.cod
e.tex
File: pgfcorequick.code.tex 2008/10/09  (rcs-revision 1.3)
)
(/usr/local/texlive/2017/texmf-dist/tex/generic/pgf/basiclayer/pgfcoreobjects.c
ode.tex
File: pgfcoreobjects.code.tex 2006/10/11  (rcs-revision 1.2)
)
(/usr/local/texlive/2017/texmf-dist/tex/generic/pgf/basiclayer/pgfcorepathproce
ssing.code.tex
File: pgfcorepathprocessing.code.tex 2013/09/09  (rcs-revision 1.9)
)
(/usr/local/texlive/2017/texmf-dist/tex/generic/pgf/basiclayer/pgfcorearrows.co
de.tex
File: pgfcorearrows.code.tex 2015/05/14  (rcs-revision 1.43)
\pgfarrowsep=\dimen160
)
(/usr/local/texlive/2017/texmf-dist/tex/generic/pgf/basiclayer/pgfcoreshade.cod
e.tex
File: pgfcoreshade.code.tex 2013/07/15  (rcs-revision 1.15)
\pgf@max=\dimen161
\pgf@sys@shading@range@num=\count130
)
(/usr/local/texlive/2017/texmf-dist/tex/generic/pgf/basiclayer/pgfcoreimage.cod
e.tex
File: pgfcoreimage.code.tex 2013/07/15  (rcs-revision 1.18)

(/usr/local/texlive/2017/texmf-dist/tex/generic/pgf/basiclayer/pgfcoreexternal.
code.tex
File: pgfcoreexternal.code.tex 2014/07/09  (rcs-revision 1.21)
\pgfexternal@startupbox=\box59
))
(/usr/local/texlive/2017/texmf-dist/tex/generic/pgf/basiclayer/pgfcorelayers.co
de.tex
File: pgfcorelayers.code.tex 2013/07/18  (rcs-revision 1.7)
)
(/usr/local/texlive/2017/texmf-dist/tex/generic/pgf/basiclayer/pgfcoretranspare
ncy.code.tex
File: pgfcoretransparency.code.tex 2013/09/30  (rcs-revision 1.5)
)
(/usr/local/texlive/2017/texmf-dist/tex/generic/pgf/basiclayer/pgfcorepatterns.
code.tex
File: pgfcorepatterns.code.tex 2013/11/07  (rcs-revision 1.5)
)))
(/usr/local/texlive/2017/texmf-dist/tex/generic/pgf/modules/pgfmoduleshapes.cod
e.tex
File: pgfmoduleshapes.code.tex 2014/03/21  (rcs-revision 1.35)
\pgfnodeparttextbox=\box60
)
(/usr/local/texlive/2017/texmf-dist/tex/generic/pgf/modules/pgfmoduleplot.code.
tex
File: pgfmoduleplot.code.tex 2015/08/03  (rcs-revision 1.13)
)
(/usr/local/texlive/2017/texmf-dist/tex/latex/pgf/compatibility/pgfcomp-version
-0-65.sty
Package: pgfcomp-version-0-65 2007/07/03 v3.0.1a (rcs-revision 1.7)
\pgf@nodesepstart=\dimen162
\pgf@nodesepend=\dimen163
)
(/usr/local/texlive/2017/texmf-dist/tex/latex/pgf/compatibility/pgfcomp-version
-1-18.sty
Package: pgfcomp-version-1-18 2007/07/23 v3.0.1a (rcs-revision 1.1)
))
(/usr/local/texlive/2017/texmf-dist/tex/latex/pgf/utilities/pgffor.sty
(/usr/local/texlive/2017/texmf-dist/tex/latex/pgf/utilities/pgfkeys.sty
(/usr/local/texlive/2017/texmf-dist/tex/generic/pgf/utilities/pgfkeys.code.tex)
) (/usr/local/texlive/2017/texmf-dist/tex/latex/pgf/math/pgfmath.sty
(/usr/local/texlive/2017/texmf-dist/tex/generic/pgf/math/pgfmath.code.tex))
(/usr/local/texlive/2017/texmf-dist/tex/generic/pgf/utilities/pgffor.code.tex
Package: pgffor 2013/12/13 v3.0.1a (rcs-revision 1.25)

(/usr/local/texlive/2017/texmf-dist/tex/generic/pgf/math/pgfmath.code.tex)
\pgffor@iter=\dimen164
\pgffor@skip=\dimen165
\pgffor@stack=\toks31
\pgffor@toks=\toks32
))
(/usr/local/texlive/2017/texmf-dist/tex/generic/pgf/frontendlayer/tikz/tikz.cod
e.tex
Package: tikz 2015/08/07 v3.0.1a (rcs-revision 1.151)

(/usr/local/texlive/2017/texmf-dist/tex/generic/pgf/libraries/pgflibraryplothan
dlers.code.tex
File: pgflibraryplothandlers.code.tex 2013/08/31 v3.0.1a (rcs-revision 1.20)
\pgf@plot@mark@count=\count131
\pgfplotmarksize=\dimen166
)
\tikz@lastx=\dimen167
\tikz@lasty=\dimen168
\tikz@lastxsaved=\dimen169
\tikz@lastysaved=\dimen170
\tikzleveldistance=\dimen171
\tikzsiblingdistance=\dimen172
\tikz@figbox=\box61
\tikz@figbox@bg=\box62
\tikz@tempbox=\box63
\tikz@tempbox@bg=\box64
\tikztreelevel=\count132
\tikznumberofchildren=\count133
\tikznumberofcurrentchild=\count134
\tikz@fig@count=\count135

(/usr/local/texlive/2017/texmf-dist/tex/generic/pgf/modules/pgfmodulematrix.cod
e.tex
File: pgfmodulematrix.code.tex 2013/09/17  (rcs-revision 1.8)
\pgfmatrixcurrentrow=\count136
\pgfmatrixcurrentcolumn=\count137
\pgf@matrix@numberofcolumns=\count138
)
\tikz@expandcount=\count139

(/usr/local/texlive/2017/texmf-dist/tex/generic/pgf/frontendlayer/tikz/librarie
s/tikzlibrarytopaths.code.tex
File: tikzlibrarytopaths.code.tex 2008/06/17 v3.0.1a (rcs-revision 1.2)
)))
(/usr/local/texlive/2017/texmf-dist/tex/generic/pgf/frontendlayer/tikz/librarie
s/tikzlibraryshapes.code.tex
File: tikzlibraryshapes.code.tex 2008/01/09 v3.0.1a (rcs-revision 1.1)

(/usr/local/texlive/2017/texmf-dist/tex/generic/pgf/frontendlayer/tikz/librarie
s/tikzlibraryshapes.geometric.code.tex
File: tikzlibraryshapes.geometric.code.tex 2008/01/09 v3.0.1a (rcs-revision 1.1
)

(/usr/local/texlive/2017/texmf-dist/tex/generic/pgf/libraries/shapes/pgflibrary
shapes.geometric.code.tex
File: pgflibraryshapes.geometric.code.tex 2008/06/26 v3.0.1a (rcs-revision 1.1)

))
(/usr/local/texlive/2017/texmf-dist/tex/generic/pgf/frontendlayer/tikz/librarie
s/tikzlibraryshapes.misc.code.tex
File: tikzlibraryshapes.misc.code.tex 2008/01/09 v3.0.1a (rcs-revision 1.1)

(/usr/local/texlive/2017/texmf-dist/tex/generic/pgf/libraries/shapes/pgflibrary
shapes.misc.code.tex
File: pgflibraryshapes.misc.code.tex 2013/07/18 v3.0.1a (rcs-revision 1.5)
))
(/usr/local/texlive/2017/texmf-dist/tex/generic/pgf/frontendlayer/tikz/librarie
s/tikzlibraryshapes.symbols.code.tex
File: tikzlibraryshapes.symbols.code.tex 2008/01/09 v3.0.1a (rcs-revision 1.1)

(/usr/local/texlive/2017/texmf-dist/tex/generic/pgf/libraries/shapes/pgflibrary
shapes.symbols.code.tex
File: pgflibraryshapes.symbols.code.tex 2013/09/11 v3.0.1a (rcs-revision 1.6)
))
(/usr/local/texlive/2017/texmf-dist/tex/generic/pgf/frontendlayer/tikz/librarie
s/tikzlibraryshapes.arrows.code.tex
File: tikzlibraryshapes.arrows.code.tex 2008/01/09 v3.0.1a (rcs-revision 1.1)

(/usr/local/texlive/2017/texmf-dist/tex/generic/pgf/libraries/shapes/pgflibrary
shapes.arrows.code.tex
File: pgflibraryshapes.arrows.code.tex 2008/06/26 v3.0.1a (rcs-revision 1.1)
))
(/usr/local/texlive/2017/texmf-dist/tex/generic/pgf/frontendlayer/tikz/librarie
s/tikzlibraryshapes.callouts.code.tex
(/usr/local/texlive/2017/texmf-dist/tex/generic/pgf/libraries/shapes/pgflibrary
shapes.callouts.code.tex))
(/usr/local/texlive/2017/texmf-dist/tex/generic/pgf/frontendlayer/tikz/librarie
s/tikzlibraryshapes.multipart.code.tex
File: tikzlibraryshapes.multipart.code.tex 2008/01/09 v3.0.1a (rcs-revision 1.1
)

(/usr/local/texlive/2017/texmf-dist/tex/generic/pgf/libraries/shapes/pgflibrary
shapes.multipart.code.tex
File: pgflibraryshapes.multipart.code.tex 2010/01/07 v3.0.1a (rcs-revision 1.2)

\pgfnodepartlowerbox=\box65
\pgfnodeparttwobox=\box66
\pgfnodepartthreebox=\box67
\pgfnodepartfourbox=\box68
\pgfnodeparttwentybox=\box69
\pgfnodepartnineteenbox=\box70
\pgfnodeparteighteenbox=\box71
\pgfnodepartseventeenbox=\box72
\pgfnodepartsixteenbox=\box73
\pgfnodepartfifteenbox=\box74
\pgfnodepartfourteenbox=\box75
\pgfnodepartthirteenbox=\box76
\pgfnodeparttwelvebox=\box77
\pgfnodepartelevenbox=\box78
\pgfnodeparttenbox=\box79
\pgfnodepartninebox=\box80
\pgfnodeparteightbox=\box81
\pgfnodepartsevenbox=\box82
\pgfnodepartsixbox=\box83
\pgfnodepartfivebox=\box84
)))
(/usr/local/texlive/2017/texmf-dist/tex/generic/pgf/frontendlayer/tikz/librarie
s/tikzlibraryfit.code.tex
File: tikzlibraryfit.code.tex 2013/07/12 v3.0.1a (rcs-revision 1.5)
)
(/usr/local/texlive/2017/texmf-dist/tex/generic/pgf/frontendlayer/tikz/librarie
s/tikzlibrarycalc.code.tex
File: tikzlibrarycalc.code.tex 2013/07/15 v3.0.1a (rcs-revision 1.9)
)
(/usr/local/texlive/2017/texmf-dist/tex/generic/pgf/libraries/pgflibraryinterse
ctions.code.tex
(/usr/local/texlive/2017/texmf-dist/tex/generic/pgf/libraries/pgflibraryfpu.cod
e.tex)
\pgf@intersect@solutions=\count140
) (/usr/local/texlive/2017/texmf-dist/tex/latex/pgfopts/pgfopts.sty
Package: pgfopts 2014/07/10 v2.1a LaTeX package options with pgfkeys
\pgfopts@list@add@a@toks=\toks33
\pgfopts@list@add@b@toks=\toks34
)
(/usr/local/texlive/2017/texmf-dist/tex/latex/elocalloc/elocalloc.sty
Package: elocalloc 2016/12/15 v0.03 local allocation for LaTeX 2015+ (DPC)
)
(/usr/local/texlive/2017/texmf-dist/tex/latex/environ/environ.sty
Package: environ 2014/05/04 v0.3 A new way to define environments

(/usr/local/texlive/2017/texmf-dist/tex/latex/trimspaces/trimspaces.sty
Package: trimspaces 2009/09/17 v1.1 Trim spaces around a token list
))
(/usr/local/texlive/2017/texmf-dist/tex/latex/l3packages/xparse/xparse.sty
(/usr/local/texlive/2017/texmf-dist/tex/latex/l3kernel/expl3.sty
Package: expl3 2017/05/13 L3 programming layer (loader) 

(/usr/local/texlive/2017/texmf-dist/tex/latex/l3kernel/expl3-code.tex
Package: expl3 2017/05/13 L3 programming layer (code)
\c_max_int=\count141
\l_tmpa_int=\count142
\l_tmpb_int=\count143
\g_tmpa_int=\count144
\g_tmpb_int=\count145
\g__prg_map_int=\count146
\c_log_iow=\count147
\l_iow_line_count_int=\count148
\l__iow_line_target_int=\count149
\l__iow_one_indent_int=\count150
\l__iow_indent_int=\count151
\c_zero_dim=\dimen173
\c_max_dim=\dimen174
\l_tmpa_dim=\dimen175
\l_tmpb_dim=\dimen176
\g_tmpa_dim=\dimen177
\g_tmpb_dim=\dimen178
\c_zero_skip=\skip49
\c_max_skip=\skip50
\l_tmpa_skip=\skip51
\l_tmpb_skip=\skip52
\g_tmpa_skip=\skip53
\g_tmpb_skip=\skip54
\c_zero_muskip=\muskip12
\c_max_muskip=\muskip13
\l_tmpa_muskip=\muskip14
\l_tmpb_muskip=\muskip15
\g_tmpa_muskip=\muskip16
\g_tmpb_muskip=\muskip17
\l_keys_choice_int=\count152
\c__fp_leading_shift_int=\count153
\c__fp_middle_shift_int=\count154
\c__fp_trailing_shift_int=\count155
\c__fp_big_leading_shift_int=\count156
\c__fp_big_middle_shift_int=\count157
\c__fp_big_trailing_shift_int=\count158
\c__fp_Bigg_leading_shift_int=\count159
\c__fp_Bigg_middle_shift_int=\count160
\c__fp_Bigg_trailing_shift_int=\count161
\c__fp_rand_size_int=\count162
\c__fp_rand_four_int=\count163
\c__fp_rand_eight_int=\count164
\l__sort_length_int=\count165
\l__sort_min_int=\count166
\l__sort_top_int=\count167
\l__sort_max_int=\count168
\l__sort_true_max_int=\count169
\l__sort_block_int=\count170
\l__sort_begin_int=\count171
\l__sort_end_int=\count172
\l__sort_A_int=\count173
\l__sort_B_int=\count174
\l__sort_C_int=\count175
\c_empty_box=\box85
\l_tmpa_box=\box86
\l_tmpb_box=\box87
\g_tmpa_box=\box88
\g_tmpb_box=\box89
\l__box_top_dim=\dimen179
\l__box_bottom_dim=\dimen180
\l__box_left_dim=\dimen181
\l__box_right_dim=\dimen182
\l__box_top_new_dim=\dimen183
\l__box_bottom_new_dim=\dimen184
\l__box_left_new_dim=\dimen185
\l__box_right_new_dim=\dimen186
\l__box_internal_box=\box90
\l__coffin_internal_box=\box91
\l__coffin_internal_dim=\dimen187
\l__coffin_offset_x_dim=\dimen188
\l__coffin_offset_y_dim=\dimen189
\l__coffin_x_dim=\dimen190
\l__coffin_y_dim=\dimen191
\l__coffin_x_prime_dim=\dimen192
\l__coffin_y_prime_dim=\dimen193
\c_empty_coffin=\box92
\l__coffin_aligned_coffin=\box93
\l__coffin_aligned_internal_coffin=\box94
\l_tmpa_coffin=\box95
\l_tmpb_coffin=\box96
\l__coffin_display_coffin=\box97
\l__coffin_display_coord_coffin=\box98
\l__coffin_display_pole_coffin=\box99
\l__coffin_display_offset_dim=\dimen194
\l__coffin_display_x_dim=\dimen195
\l__coffin_display_y_dim=\dimen196
\l__coffin_bounding_shift_dim=\dimen197
\l__coffin_left_corner_dim=\dimen198
\l__coffin_right_corner_dim=\dimen199
\l__coffin_bottom_corner_dim=\dimen256
\l__coffin_top_corner_dim=\dimen257
\l__coffin_scaled_total_height_dim=\dimen258
\l__coffin_scaled_width_dim=\dimen259
)
(/usr/local/texlive/2017/texmf-dist/tex/latex/l3kernel/l3pdfmode.def
File: l3pdfmode.def 2017/03/18 v L3 Experimental driver: PDF mode
\l__driver_color_stack_int=\count176
\l__driver_tmp_box=\box100
))
Package: xparse 2017/05/13 L3 Experimental document command parser
\l__xparse_current_arg_int=\count177
\g__xparse_grabber_int=\count178
\l__xparse_m_args_int=\count179
\l__xparse_mandatory_args_int=\count180
\l__xparse_v_nesting_int=\count181
)
(/usr/local/texlive/2017/texmf-dist/tex/latex/inlinedef/inlinedef.sty
Package: inlinedef 2008/07/10 v1.0 Inlined expansions within definitions
\ID@toks=\toks35
\ID@count=\count182
)
\ID@usercommands=\toks36
.................................................
. LaTeX info: "xparse/define-command"
. 
. Defining command \useforestlibrary with sig. 's O{} m' on line 166.
.................................................
.................................................
. LaTeX info: "xparse/define-command"
. 
. Defining command \ProvidesForestLibrary with sig. 'm O{}' on line 176.
.................................................
\safeloop@depth=\count183
\safeRKloop@depth=\count184
\forest@temp@dimen=\dimen260
\forest@temp@count=\count185
\forest@n=\count186
\forest@temp@global@count=\count187
\forest@temp@toks=\toks37
\forest@temparray@M=\count188
\forest@temparray@N=\count189
\forest@global@temparray@M=\count190
\forest@global@temparray@N=\count191
\forest@isnum@count=\count192
\forest@isdim@nonintpart=\count193
\forest@isdim@dimen=\dimen261
\forest@sort@m=\count194
\forest@sort@k=\count195
\forest@sort@p=\count196
\bracket@content=\toks38
\bracket@afterthought=\toks39
\forest@node@maxid=\count197
.................................................
. LaTeX info: "xparse/define-command"
. 
. Defining command \forestdebugtypeouttrees with sig. 'o' on line 2303.
.................................................
.................................................
. LaTeX info: "xparse/define-command"
. 
. Defining command \forestdebugtypeouttree with sig. 'd() O{\forest@cn }' on
. line 2348.
.................................................
\forest@process@left@M=\count198
\forest@process@left@N=\count199
\forest@process@right@M=\count266
\forest@process@right@N=\count267
\forest@process@saved@M=\count268
\forest@process@saved@N=\count269
\forest@process@result@M=\count270
\forest@process@result@N=\count271
\forest@process@n=\count272
\forest@nodewalk@branch@toks=\toks40
\forest@nodewalk@shortsteps@resolution=\toks41
\forest@do@dynamics=\toks42
\forest@box=\box101
\forest@xg=\dimen262
\forest@yg=\dimen263
\forest@xs=\dimen264
\forest@ys=\dimen265
\forest@pi@toks=\toks43
\forest@segment@toks=\toks44
\forest@PIi@toks=\toks45
\forest@PIii@toks=\toks46
\forest@copy@in=\read2
\forest@copy@out=\write4
.................................................
. LaTeX info: "xparse/define-environment"
. 
. Defining environment 'forest' with sig. 'D(){}' on line 8503.
.................................................
.................................................
. LaTeX info: "xparse/define-command"
. 
. Defining command \Forest with sig. 's D(){} m' on line 8508.
.................................................
\forest@externalize@max@outer@n=\count273
\forest@externalize@inner@n=\count274
))
\c@dummy=\count275
\c@eargnum=\count276
\c@OLDeargnum=\count277
\c@Example=\count278
\c@ProbPart=\count279
\c@countSeq=\count280
\nd*ctr=\count281
\nd*dim=\skip55
\nd*depthdim=\dimen266
\nd*hsep=\dimen267
\nd*n=\count282
)
(/usr/local/texlive/2017/texmf-dist/tex/latex/tocloft/tocloft.sty
Package: tocloft 2013/05/02 v2.3f parameterised ToC, etc., typesetting
Package tocloft Info: The document has chapter divisions on input line 44.
\cftparskip=\skip56
\cftbeforetoctitleskip=\skip57
\cftaftertoctitleskip=\skip58
\cftbeforepartskip=\skip59
\cftpartnumwidth=\skip60
\cftpartindent=\skip61
\cftbeforechapskip=\skip62
\cftchapindent=\skip63
\cftchapnumwidth=\skip64
\cftbeforesecskip=\skip65
\cftsecindent=\skip66
\cftsecnumwidth=\skip67
\cftbeforesubsecskip=\skip68
\cftsubsecindent=\skip69
\cftsubsecnumwidth=\skip70
\cftbeforesubsubsecskip=\skip71
\cftsubsubsecindent=\skip72
\cftsubsubsecnumwidth=\skip73
\cftbeforeparaskip=\skip74
\cftparaindent=\skip75
\cftparanumwidth=\skip76
\cftbeforesubparaskip=\skip77
\cftsubparaindent=\skip78
\cftsubparanumwidth=\skip79
\cftbeforeloftitleskip=\skip80
\cftafterloftitleskip=\skip81
\cftbeforefigskip=\skip82
\cftfigindent=\skip83
\cftfignumwidth=\skip84
\c@lofdepth=\count283
\c@lotdepth=\count284
\cftbeforelottitleskip=\skip85
\cftafterlottitleskip=\skip86
\cftbeforetabskip=\skip87
\cfttabindent=\skip88
\cfttabnumwidth=\skip89
)
(/usr/local/texlive/2017/texmf-dist/tex/latex/placeins/placeins.sty
Package: placeins 2005/04/18  v 2.2
)

Package hyperref Warning: Invalid value `0 0 0 0'
(hyperref)                for option `pdfborder'.
(hyperref)                Option setting is ignored on input line 6.

Package hyperref Info: Option `pdfdisplaydoctitle' set `true' on input line 6.
(./forallx-ubc.aux (./forallx-ubc-frontmatter.aux) (./forallx-ubc-preface.aux)
(./forallx-ubc-knownerrors.aux) (./forallx-ubc-1-intro.aux)
(./forallx-ubc-2-sentential.aux) (./forallx-ubc-3-truthtables.aux)
(./forallx-ubc-4-SLmodels.aux) (./forallx-ubc-5-SLtrees.aux)
(./forallx-ubc-6-SLsoundcomplete.aux) (./forallx-ubc-7-SLND.aux)
(./forallx-ubc-8-predicate.aux) (./forallx-ubc-9-QLmodels.aux)
(./forallx-ubc-10-QLtrees.aux) (./forallx-ubc-11-QLsoundcomplete.aux)
(./forallx-ubc-12-identity.aux) (./forallx-ubc-13-QLND.aux)
(./forallx-ubc-app-notation.aux) (./forallx-ubc-app-solutions.aux)
(./forallx-ubc-app-quickreference.aux) (./forallx-ubc-backmatter.aux))
\openout1 = `forallx-ubc.aux'.

LaTeX Font Info:    Checking defaults for OML/cmm/m/it on input line 26.
LaTeX Font Info:    ... okay on input line 26.
LaTeX Font Info:    Checking defaults for T1/cmr/m/n on input line 26.
LaTeX Font Info:    ... okay on input line 26.
LaTeX Font Info:    Checking defaults for OT1/cmr/m/n on input line 26.
LaTeX Font Info:    ... okay on input line 26.
LaTeX Font Info:    Checking defaults for OMS/cmsy/m/n on input line 26.
LaTeX Font Info:    ... okay on input line 26.
LaTeX Font Info:    Checking defaults for OMX/cmex/m/n on input line 26.
LaTeX Font Info:    ... okay on input line 26.
LaTeX Font Info:    Checking defaults for U/cmr/m/n on input line 26.
LaTeX Font Info:    ... okay on input line 26.
LaTeX Font Info:    Checking defaults for PD1/pdf/m/n on input line 26.
LaTeX Font Info:    ... okay on input line 26.
\AtBeginShipoutBox=\box102
Package hyperref Info: Link coloring OFF on input line 26.

(/usr/local/texlive/2017/texmf-dist/tex/latex/hyperref/nameref.sty
Package: nameref 2016/05/21 v2.44 Cross-referencing by name of section

(/usr/local/texlive/2017/texmf-dist/tex/generic/oberdiek/gettitlestring.sty
Package: gettitlestring 2016/05/16 v1.5 Cleanup title references (HO)
)
\c@section@level=\count285
)
LaTeX Info: Redefining \ref on input line 26.
LaTeX Info: Redefining \pageref on input line 26.
LaTeX Info: Redefining \nameref on input line 26.

(./forallx-ubc.out) (./forallx-ubc.out)
\@outlinefile=\write5
\openout5 = `forallx-ubc.out'.

 ABD: EveryShipout initializing macros
(/usr/local/texlive/2017/texmf-dist/tex/context/base/mkii/supp-pdf.mkii
[Loading MPS to PDF converter (version 2006.09.02).]
\scratchcounter=\count286
\scratchdimen=\dimen268
\scratchbox=\box103
\nofMPsegments=\count287
\nofMParguments=\count288
\everyMPshowfont=\toks47
\MPscratchCnt=\count289
\MPscratchDim=\dimen269
\MPnumerator=\count290
\makeMPintoPDFobject=\count291
\everyMPtoPDFconversion=\toks48
) (/usr/local/texlive/2017/texmf-dist/tex/latex/oberdiek/epstopdf-base.sty
Package: epstopdf-base 2016/05/15 v2.6 Base part for package epstopdf

(/usr/local/texlive/2017/texmf-dist/tex/latex/oberdiek/grfext.sty
Package: grfext 2016/05/16 v1.2 Manage graphics extensions (HO)
)
Package epstopdf-base Info: Redefining graphics rule for `.eps' on input line 4
38.
Package grfext Info: Graphics extension search list:
(grfext)             [.png,.pdf,.jpg,.mps,.jpeg,.jbig2,.jb2,.PNG,.PDF,.JPG,.JPE
G,.JBIG2,.JB2,.eps]
(grfext)             \AppendGraphicsExtensions on input line 456.

(/usr/local/texlive/2017/texmf-dist/tex/latex/latexconfig/epstopdf-sys.cfg
File: epstopdf-sys.cfg 2010/07/13 v1.3 Configuration of (r)epstopdf for TeX Liv
e
))
\openout2 = `forallx-ubc-frontmatter.aux'.


(./forallx-ubc-frontmatter.tex
LaTeX Font Info:    Try loading font information for U+msa on input line 2.

(/usr/local/texlive/2017/texmf-dist/tex/latex/amsfonts/umsa.fd
File: umsa.fd 2013/01/14 v3.01 AMS symbols A
)
LaTeX Font Info:    Try loading font information for U+msb on input line 2.

(/usr/local/texlive/2017/texmf-dist/tex/latex/amsfonts/umsb.fd
File: umsb.fd 2013/01/14 v3.01 AMS symbols B
)
LaTeX Font Info:    Font shape `OT1/pzc/m/it' will be
(Font)              scaled to size 29.85593pt on input line 2.
LaTeX Font Info:    Font shape `OT1/pzc/m/it' will be
(Font)              scaled to size 24.88794pt on input line 2.
LaTeX Font Info:    Font shape `OT1/pzc/m/it' will be
(Font)              scaled to size 20.73593pt on input line 2.

Underfull \hbox (badness 10000) in paragraph at lines 9--14

 []

[1


{/usr/local/texlive/2017/texmf-var/fonts/map/pdftex/updmap/pdftex.map}]

LaTeX Font Warning: Font shape `OT1/cmss/m/it' in size <10> not available
(Font)              Font shape `OT1/cmss/m/sl' tried instead on input line 36.

LaTeX Font Info:    Try loading font information for OMS+cmr on input line 42.
(/usr/local/texlive/2017/texmf-dist/tex/latex/base/omscmr.fd
File: omscmr.fd 2014/09/29 v2.5h Standard LaTeX font definitions
)
LaTeX Font Info:    Font shape `OMS/cmr/m/n' in size <10> not available
(Font)              Font shape `OMS/cmsy/m/n' tried instead on input line 42.
LaTeX Font Info:    Font shape `OT1/pzc/m/it' will be
(Font)              scaled to size 9.59998pt on input line 46.
LaTeX Font Info:    Font shape `OT1/pzc/m/it' will be
(Font)              scaled to size 7.19998pt on input line 46.
LaTeX Font Info:    Font shape `OT1/pzc/m/it' will be
(Font)              scaled to size 5.99998pt on input line 46.
LaTeX Font Info:    Font shape `OT1/pzc/m/it' will be
(Font)              scaled to size 11.99997pt on input line 50.
LaTeX Font Info:    Font shape `OT1/pzc/m/it' will be
(Font)              scaled to size 8.39998pt on input line 50.
) [2]
\openout2 = `forallx-ubc-preface.aux'.


(./forallx-ubc-preface.tex
Underfull \vbox (badness 10000) has occurred while \output is active []

 [3



]
Underfull \vbox (badness 10000) has occurred while \output is active []

 [4])
[5]
\openout2 = `forallx-ubc-knownerrors.aux'.

 (./forallx-ubc-knownerrors.tex) [6



] (./forallx-ubc.toc
Underfull \vbox (badness 1052) has occurred while \output is active []

 [7

]
[8] [9])
\tf@toc=\write6
\openout6 = `forallx-ubc.toc'.

 [10]
\openout2 = `forallx-ubc-1-intro.aux'.

 (./forallx-ubc-1-intro.tex
Chapter 1.
[11


]
Overfull \hbox (5.67804pt too wide) in paragraph at lines 36--37
[]\OT1/cmr/m/n/10 In a nat-u-ral lan-guage like En-glish, \OT1/cmr/m/it/10 some
-times\OT1/cmr/m/n/10 , ar-gu-ments start with their premises
 []

[12] [13] [14]
Underfull \vbox (badness 10000) has occurred while \output is active []

 [15]
[16] [17] [18] [19] [20]
Underfull \vbox (badness 1888) has occurred while \output is active []

 [21]
[22]) [23]
\openout2 = `forallx-ubc-2-sentential.aux'.

 (./forallx-ubc-2-sentential.tex
Chapter 2.
[24



] [25] [26]
Overfull \hbox (6.79999pt too wide) in paragraph at lines 125--125
[][] 
 []

[27] [28] [29]
Overfull \hbox (6.79999pt too wide) in paragraph at lines 204--204
[][] 
 []


Overfull \hbox (6.79999pt too wide) in paragraph at lines 215--215
[][] 
 []

[30] [31]
Overfull \hbox (6.79999pt too wide) in paragraph at lines 273--273
[][] 
 []

[32] [33] [34]
Overfull \hbox (6.79999pt too wide) in paragraph at lines 340--340
[][] 
 []

[35] [36] [37]
Overfull \hbox (6.79999pt too wide) in paragraph at lines 451--451
[][] 
 []

[38] [39] [40] [41] [42]pdfTeX warning (ext4): destination with the same identi
fier (name{ProbPart.1}) has been already used, duplicate ignored
<to be read again> 
                   \relax 
l.570 \problempart
                   Using the symbolization key given, translate each English...
pdfTeX warning (ext4): destination with the same identifier (name{ProbPart.2}) 
has been already used, duplicate ignored
<to be read again> 
                   \relax 
l.587 \problempart
                   Using the symbolization key given, translate each English...
[43]pdfTeX warning (ext4): destination with the same identifier (name{ProbPart.
3}) has been already used, duplicate ignored
<to be read again> 
                   \relax 
l.614 \problempart
                   Using the symbolization key given, translate each English...
pdfTeX warning (ext4): destination with the same identifier (name{ProbPart.4}) 
has been already used, duplicate ignored
<to be read again> 
                   \relax 
l.643 \problempart
                  pdfTeX warning (ext4): destination with the same identifier (
name{ProbPart.5}) has been already used, duplicate ignored
<to be read again> 
                   \relax 
l.656 \problempart
                   Give a symbolization key and symbolize the following sent...
[44]) [45]
\openout2 = `forallx-ubc-3-truthtables.aux'.

 (./forallx-ubc-3-truthtables.tex
Chapter 3.
[46



] [47]
Overfull \hbox (6.9586pt too wide) in paragraph at lines 84--85
\OT1/cmr/m/n/10 The col-umn of 1s un-der-neath the con-di-tional tells us that 
the sen-tence []
 []

[48] [49] [50]
Underfull \vbox (badness 5274) has occurred while \output is active []

 [51]
[52] [53] [54] [55] [56]
Overfull \hbox (6.79999pt too wide) in paragraph at lines 373--373
[][] 
 []

[57] [58] [59]pdfTeX warning (ext4): destination with the same identifier (name
{ProbPart.1}) has been already used, duplicate ignored
<to be read again> 
                   \relax 
l.447 \problempart
                  pdfTeX warning (ext4): destination with the same identifier (
name{ProbPart.2}) has been already used, duplicate ignored
<to be read again> 
                   \relax 
l.473 \problempart
                  pdfTeX warning (ext4): destination with the same identifier (
name{ProbPart.3}) has been already used, duplicate ignored
<to be read again> 
                   \relax 
l.490 \problempart
                   [60]pdfTeX warning (ext4): destination with the same identif
ier (name{ProbPart.4}) has been already used, duplicate ignored
<to be read again> 
                   \relax 
l.505 \problempart
                  pdfTeX warning (ext4): destination with the same identifier (
name{ProbPart.5}) has been already used, duplicate ignored
<to be read again> 
                   \relax 
l.522 \problempart
                  
Overfull \hbox (11.63692pt too wide) in paragraph at lines 530--532
[]\OT1/cmr/m/n/10 Suppose that $\OMS/cmsy/m/n/10 f\OML/cmm/m/it/10 ^^H[]; 	[]; 

[]\OMS/cmsy/m/n/10 g$ \OT1/cmr/m/n/10 is in-con-sis-tent. What can you say abou
t $(\OML/cmm/m/it/10 ^^H[] \OT1/cmr/m/n/10 & \OML/cmm/m/it/10 	[] \OT1/cmr/m/n/
10 & \OML/cmm/m/it/10 
[]\OT1/cmr/m/n/10 )$? 
 []

pdfTeX warning (ext4): destination with the same identifier (name{ProbPart.6}) 
has been already used, duplicate ignored
<to be read again> 
                   \relax 
l.542 \problempart
                   [61]
Overfull \hbox (15.8792pt too wide) in paragraph at lines 571--572
\OT1/cmr/m/n/10 The \OT1/cmr/m/it/10 Shef-fer stroke \OT1/cmr/m/n/10 is a log-i
-cal con-nec-tive with the fol-low-ing char-ac-ter-is-tic truthtable: 
 []

[62]) [63]
\openout2 = `forallx-ubc-4-SLmodels.aux'.

 (./forallx-ubc-4-SLmodels.tex
Chapter 4.

Underfull \vbox (badness 10000) has occurred while \output is active []

 [64



]
[65] [66] [67]
Overfull \hbox (0.85277pt too wide) in paragraph at lines 146--146
[]\OT1/cmr/bx/n/14.4 Entailment, va-lid-ity, and in-for-mally good ar-
 []

[68] [69] [70] [71]pdfTeX warning (ext4): destination with the same identifier 
(name{ProbPart.1}) has been already used, duplicate ignored
<to be read again> 
                   \relax 
l.264 \problempart
                  ) [72]
\openout2 = `forallx-ubc-5-SLtrees.aux'.

 (./forallx-ubc-5-SLtrees.tex
Chapter 5.
[73



]
Overfull \hbox (6.79999pt too wide) in paragraph at lines 46--46
[][] 
 []

[74] [75]
Underfull \vbox (badness 10000) has occurred while \output is active []

 [76]
[77]
Underfull \vbox (badness 10000) has occurred while \output is active []

 [78]
Underfull \vbox (badness 1014) has occurred while \output is active []

 [79]
Overfull \hbox (6.79999pt too wide) in paragraph at lines 374--374
[][] 
 []


Overfull \hbox (6.79999pt too wide) in paragraph at lines 391--391
[][] 
 []


Overfull \hbox (6.79999pt too wide) in paragraph at lines 409--409
[][] 
 []


Underfull \vbox (badness 2435) has occurred while \output is active []

 [80]
Overfull \hbox (6.79999pt too wide) in paragraph at lines 428--428
[][] 
 []


Overfull \hbox (6.79999pt too wide) in paragraph at lines 458--458
[][] 
 []

[81]
Overfull \hbox (6.79999pt too wide) in paragraph at lines 477--477
[][] 
 []


Overfull \hbox (6.79999pt too wide) in paragraph at lines 498--498
[][] 
 []


Overfull \hbox (6.79999pt too wide) in paragraph at lines 519--519
[][] 
 []


Underfull \vbox (badness 7631) has occurred while \output is active []

 [82]
Overfull \hbox (6.79999pt too wide) in paragraph at lines 534--534
[][] 
 []


Underfull \vbox (badness 10000) has occurred while \output is active []

 [83]
Overfull \hbox (6.79999pt too wide) in paragraph at lines 581--581
[][] 
 []

[84]
Overfull \hbox (6.79999pt too wide) in paragraph at lines 613--613
[][] 
 []

[85]
Underfull \vbox (badness 2503) has occurred while \output is active []

 [86]
[87]pdfTeX warning (ext4): destination with the same identifier (name{ProbPart.
1}) has been already used, duplicate ignored
<to be read again> 
                   \relax 
l.726 \problempart
                   [88]pdfTeX warning (ext4): destination with the same identif
ier (name{ProbPart.2}) has been already used, duplicate ignored
<to be read again> 
                   \relax 
l.752 \problempart
                  pdfTeX warning (ext4): destination with the same identifier (
name{ProbPart.3}) has been already used, duplicate ignored
<to be read again> 
                   \relax 
l.757 \problempart
                   Evaluate each claim from Part \ref{pr.sl.treeroot} by con...
pdfTeX warning (ext4): destination with the same identifier (name{ProbPart.4}) 
has been already used, duplicate ignored
<to be read again> 
                   \relax 
l.760 \problempart
                   Recall the discussion of the Sheffer stroke in Chapter \r...
) [89]
\openout2 = `forallx-ubc-6-SLsoundcomplete.aux'.

 (./forallx-ubc-6-SLsoundcomplete.tex
Chapter 6.

Underfull \vbox (badness 10000) has occurred while \output is active []

 [90



]
Overfull \hbox (6.79999pt too wide) in paragraph at lines 24--24
[][] 
 []

[91] [92] [93]
Underfull \vbox (badness 10000) has occurred while \output is active []

 [94]
[95] [96] [97] [98]
Overfull \hbox (6.79999pt too wide) in paragraph at lines 299--299
[][] 
 []

[99]
Overfull \hbox (6.79999pt too wide) in paragraph at lines 308--308
[][] 
 []

[100]
Underfull \vbox (badness 10000) has occurred while \output is active []

 [101]
Underfull \vbox (badness 1424) has occurred while \output is active []

 [102]
[103] [104] [105] [106] [107]pdfTeX warning (ext4): destination with the same i
dentifier (name{ProbPart.1}) has been already used, duplicate ignored
<to be read again> 
                   \relax 
l.583 \problempart
                  
Overfull \hbox (6.79999pt too wide) in paragraph at lines 598--598
[][] 
 []


Overfull \hbox (6.79999pt too wide) in paragraph at lines 610--610
[][] 
 []


Overfull \hbox (6.79999pt too wide) in paragraph at lines 625--625
[][] 
 []


Overfull \hbox (6.79999pt too wide) in paragraph at lines 640--640
[][] 
 []


Overfull \hbox (6.79999pt too wide) in paragraph at lines 654--654
[][] 
 []

[108]
Overfull \hbox (6.79999pt too wide) in paragraph at lines 667--667
[][] 
 []


Overfull \hbox (6.79999pt too wide) in paragraph at lines 679--679
[][] 
 []


Overfull \hbox (6.79999pt too wide) in paragraph at lines 694--694
[][] 
 []


Overfull \hbox (6.79999pt too wide) in paragraph at lines 709--709
[][] 
 []

pdfTeX warning (ext4): destination with the same identifier (name{ProbPart.2}) 
has been already used, duplicate ignored
<to be read again> 
                   \relax 
l.713 \problempart
                  ) [109]
\openout2 = `forallx-ubc-7-SLND.aux'.

 (./forallx-ubc-7-SLND.tex
Chapter 7.
[110



] [111]
Underfull \vbox (badness 10000) has occurred while \output is active []

 [112]
[113]
Underfull \vbox (badness 10000) has occurred while \output is active []

 [114]
[115]
Underfull \vbox (badness 10000) has occurred while \output is active []

 [116]
Underfull \vbox (badness 10000) has occurred while \output is active []

 [117]
Underfull \vbox (badness 10000) has occurred while \output is active []

 [118]
[119] [120] [121]
Underfull \vbox (badness 10000) has occurred while \output is active []

 [122]
[123] [124] [125] [126]
Underfull \vbox (badness 10000) has occurred while \output is active []

 [127]
Underfull \hbox (badness 10000) in paragraph at lines 686--686
[]\OT1/cmr/m/n/10 Is the ar-gu-ment
 []


Underfull \hbox (badness 10000) in alignment at lines 665--688
[][][]
 []

[128]
Underfull \vbox (badness 1019) has occurred while \output is active []

 [129]pdfTeX warning (ext4): destination with the same identifier (name{ProbPar
t.1}) has been already used, duplicate ignored
<to be read again> 
                   \relax 
l.729 \problempart
                   [130]pdfTeX warning (ext4): destination with the same identi
fier (name{ProbPart.2}) has been already used, duplicate ignored
<to be read again> 
                   \relax 
l.777 \problempart
                  pdfTeX warning (ext4): destination with the same identifier (
name{ProbPart.3}) has been already used, duplicate ignored
<to be read again> 
                   \relax 
l.789 \problempart
                   [131]pdfTeX warning (ext4): destination with the same identi
fier (name{ProbPart.4}) has been already used, duplicate ignored
<to be read again> 
                   \relax 
l.804 \problempart
                  pdfTeX warning (ext4): destination with the same identifier (
name{ProbPart.5}) has been already used, duplicate ignored
<to be read again> 
                   \relax 
l.815 \problempart
                  pdfTeX warning (ext4): destination with the same identifier (
name{ProbPart.6}) has been already used, duplicate ignored
<to be read again> 
                   \relax 
l.826 \problempart
                  pdfTeX warning (ext4): destination with the same identifier (
name{ProbPart.7}) has been already used, duplicate ignored
<to be read again> 
                   \relax 
l.838 \problempart
                  pdfTeX warning (ext4): destination with the same identifier (
name{ProbPart.8}) has been already used, duplicate ignored
<to be read again> 
                   \relax 
l.850 \problempart
                   [132]) [133]
\openout2 = `forallx-ubc-8-predicate.aux'.

 (./forallx-ubc-8-predicate.tex
Chapter 8.
[134



] [135] [136] [137]
Underfull \hbox (badness 10000) in paragraph at lines 113--114

 []

[138]
Underfull \hbox (badness 10000) in paragraph at lines 114--115

 []


Underfull \hbox (badness 10000) in paragraph at lines 120--121

 []


Underfull \hbox (badness 10000) in paragraph at lines 121--122

 []


Underfull \hbox (badness 10000) in paragraph at lines 122--123

 []

[139] [140] [141] [142] [143] [144] [145]
Overfull \hbox (6.79999pt too wide) in paragraph at lines 352--352
[][] 
 []

[146] [147] [148] [149] [150] [151] [152] [153] [154] [155] [156]pdfTeX warning
 (ext4): destination with the same identifier (name{ProbPart.1}) has been alrea
dy used, duplicate ignored
<to be read again> 
                   \relax 
l.697 \problempart
                   [157]pdfTeX warning (ext4): destination with the same identi
fier (name{ProbPart.2}) has been already used, duplicate ignored
<to be read again> 
                   \relax 
l.727 \problempart
                  pdfTeX warning (ext4): destination with the same identifier (
name{ProbPart.3}) has been already used, duplicate ignored
<to be read again> 
                   \relax 
l.739 \problempart
                  pdfTeX warning (ext4): destination with the same identifier (
name{ProbPart.4}) has been already used, duplicate ignored
<to be read again> 
                   \relax 
l.755 \problempart
                   [158]pdfTeX warning (ext4): destination with the same identi
fier (name{ProbPart.5}) has been already used, duplicate ignored
<to be read again> 
                   \relax 
l.789 \problempart
                   [159]pdfTeX warning (ext4): destination with the same identi
fier (name{ProbPart.6}) has been already used, duplicate ignored
<to be read again> 
                   \relax 
l.829 \problempart
                   Using the symbolization key given, translate each English...
pdfTeX warning (ext4): destination with the same identifier (name{ProbPart.7}) 
has been already used, duplicate ignored
<to be read again> 
                   \relax 
l.859 \problempart
                   [160]pdfTeX warning (ext4): destination with the same identi
fier (name{ProbPart.8}) has been already used, duplicate ignored
<to be read again> 
                   \relax 
l.872 \problempart
                   [161] [162]) [163]
\openout2 = `forallx-ubc-9-QLmodels.aux'.

 (./forallx-ubc-9-QLmodels.tex
Chapter 9.
[164



] [165] [166] [167]
Overfull \hbox (29.00092pt too wide) in paragraph at lines 118--128
[]\OT1/cmr/m/n/10 , [], [], [], [], [], [], [], [],[],
 []

[168] [169] [170] [171]
Underfull \hbox (badness 1014) in paragraph at lines 264--264
[]\OT1/cmr/m/it/10 construct a model \OT1/cmr/m/n/10 in
 []


Underfull \hbox (badness 1014) in paragraph at lines 267--267
[]\OT1/cmr/m/it/10 construct a model \OT1/cmr/m/n/10 in
 []


Underfull \hbox (badness 1622) in paragraph at lines 273--273
[]\OT1/cmr/m/n/10 show that $\OML/cmm/m/it/10 ^^H$ \OT1/cmr/m/n/10 and $\OML/cm
m/m/it/10 	$
 []


Underfull \hbox (badness 1845) in paragraph at lines 273--273
\OT1/cmr/m/n/10 must have the same
 []


Underfull \hbox (badness 7186) in paragraph at lines 273--273
\OT1/cmr/m/n/10 truth value in any
 []


Underfull \hbox (badness 1014) in paragraph at lines 273--273
[]\OT1/cmr/m/it/10 construct a model \OT1/cmr/m/n/10 in
 []


Underfull \hbox (badness 1014) in paragraph at lines 276--276
[]\OT1/cmr/m/it/10 construct a model \OT1/cmr/m/n/10 in
 []


Underfull \hbox (badness 5519) in paragraph at lines 276--277
[]\OT1/cmr/m/n/10 show that the sen-
 []


Underfull \hbox (badness 4739) in paragraph at lines 276--277
\OT1/cmr/m/n/10 all be true in any
 []


Underfull \hbox (badness 10000) in paragraph at lines 279--279
[]\OT1/cmr/m/n/10 Is the ar-gu-ment
 []


Underfull \hbox (badness 1014) in paragraph at lines 279--279
[]\OT1/cmr/m/it/10 construct a model \OT1/cmr/m/n/10 in
 []


Underfull \hbox (badness 10000) in alignment at lines 260--281
[][][]
 []


Underfull \vbox (badness 10000) has occurred while \output is active []

 [172]
[173]
Overfull \hbox (7.01668pt too wide) in paragraph at lines 299--300
[]\OT1/cmr/m/n/10 There are two kinds of mod-els: those in which $[][](\OML/cmm
/m/it/10 a\OT1/cmr/m/n/10 )\OML/cmm/m/it/10 ; []\OT1/cmr/m/n/10 (\OML/cmm/m/it/
10 a\OT1/cmr/m/n/10 )[]$
 []

[174] [175] [176]
Overfull \hbox (1.13838pt too wide) detected at line 414
\OML/cmm/m/it/10 s\OT1/cmr/m/n/10 (\OML/cmm/m/it/10 ^^H[]; a\OT1/cmr/m/n/10 ) =
 []
 []

[177] [178]pdfTeX warning (ext4): destination with the same identifier (name{Pr
obPart.1}) has been already used, duplicate ignored
<to be read again> 
                   \relax 
l.454 \problempart
                   [179]pdfTeX warning (ext4): destination with the same identi
fier (name{ProbPart.2}) has been already used, duplicate ignored
<to be read again> 
                   \relax 
l.480 \problempart
                  pdfTeX warning (ext4): destination with the same identifier (
name{ProbPart.3}) has been already used, duplicate ignored
<to be read again> 
                   \relax 
l.504 \problempart
                  pdfTeX warning (ext4): destination with the same identifier (
name{ProbPart.4}) has been already used, duplicate ignored
<to be read again> 
                   \relax 
l.534 \problempart
                   [180]pdfTeX warning (ext4): destination with the same identi
fier (name{ProbPart.5}) has been already used, duplicate ignored
<to be read again> 
                   \relax 
l.547 \problempart
                  pdfTeX warning (ext4): destination with the same identifier (
name{ProbPart.6}) has been already used, duplicate ignored
<to be read again> 
                   \relax 
l.560 \problempart
                  pdfTeX warning (ext4): destination with the same identifier (
name{ProbPart.7}) has been already used, duplicate ignored
<to be read again> 
                   \relax 
l.577 \problempart
                  pdfTeX warning (ext4): destination with the same identifier (
name{ProbPart.8}) has been already used, duplicate ignored
<to be read again> 
                   \relax 
l.593 \problempart
                   [181]pdfTeX warning (ext4): destination with the same identi
fier (name{ProbPart.9}) has been already used, duplicate ignored
<to be read again> 
                   \relax 
l.611 \problempart
                  ) [182]
\openout2 = `forallx-ubc-10-QLtrees.aux'.

 (./forallx-ubc-10-QLtrees.tex
Chapter 10.

Underfull \vbox (badness 5817) has occurred while \output is active []

 [183



]
Underfull \vbox (badness 10000) has occurred while \output is active []

 [184]
Underfull \vbox (badness 10000) has occurred while \output is active []

 [185]
Overfull \hbox (5.56548pt too wide) in paragraph at lines 199--200
[]\OT1/cmr/m/n/10 Is there any model with a two-object UD that sat-is-fies $\OM
S/cmsy/m/n/10 f8\OML/cmm/m/it/10 xFxa; \OMS/cmsy/m/n/10 8\OML/cmm/m/it/10 y\OT1
/cmr/m/n/10 (\OML/cmm/m/it/10 Gy \OMS/cmsy/m/n/10 ^^[ :\OML/cmm/m/it/10 Fya\OT1
/cmr/m/n/10 )\OMS/cmsy/m/n/10 g$\OT1/cmr/m/n/10 ?
 []


Underfull \vbox (badness 10000) has occurred while \output is active []

 [186]
[187]
Overfull \hbox (6.79999pt too wide) in paragraph at lines 273--273
[][] 
 []

[188]
Overfull \hbox (6.79999pt too wide) in paragraph at lines 307--307
[][] 
 []


Underfull \vbox (badness 10000) has occurred while \output is active []

 [189]
Overfull \hbox (6.79999pt too wide) in paragraph at lines 380--380
[][] 
 []

[190]
Overfull \hbox (6.79999pt too wide) in paragraph at lines 399--399
[][] 
 []

[191]
Underfull \vbox (badness 10000) has occurred while \output is active []

 [192]
Overfull \hbox (6.79999pt too wide) in paragraph at lines 471--471
[][] 
 []


Underfull \vbox (badness 10000) has occurred while \output is active []

 [193]
Underfull \vbox (badness 10000) has occurred while \output is active []

 [194]
[195]
Underfull \vbox (badness 10000) has occurred while \output is active []

 [196]
Underfull \vbox (badness 10000) has occurred while \output is active []

 [197]
Underfull \vbox (badness 10000) has occurred while \output is active []

 [198]
[199]
Overfull \hbox (4.65802pt too wide) in paragraph at lines 749--750
\OT1/cmr/m/n/10 names in-volved in tak-ing in-stances. Par-tic-u-lar sen-tences
 (ex-is-ten-tials and negated
 []

[200]pdfTeX warning (ext4): destination with the same identifier (name{ProbPart
.1}) has been already used, duplicate ignored
<to be read again> 
                   \relax 
l.775 \problempart
                  pdfTeX warning (ext4): destination with the same identifier (
name{ProbPart.2}) has been already used, duplicate ignored
<to be read again> 
                   \relax 
l.788 \problempart
                   [201]pdfTeX warning (ext4): destination with the same identi
fier (name{ProbPart.3}) has been already used, duplicate ignored
<to be read again> 
                   \relax 
l.799 \problempart
                  ) [202]
\openout2 = `forallx-ubc-11-QLsoundcomplete.aux'.

 (./forallx-ubc-11-QLsoundcomplete.tex
Chapter 11.

Overfull \hbox (6.79999pt too wide) in paragraph at lines 10--10
[][] 
 []


Underfull \vbox (badness 1845) has occurred while \output is active []

 [203



]
[204] [205]
Underfull \vbox (badness 2111) has occurred while \output is active []

 [206]
[207] [208] [209]pdfTeX warning (ext4): destination with the same identifier (n
ame{ProbPart.1}) has been already used, duplicate ignored
<to be read again> 
                   \relax 
l.199 \problempart
                   [210]
Overfull \hbox (6.79999pt too wide) in paragraph at lines 214--214
[][] 
 []


Overfull \hbox (6.79999pt too wide) in paragraph at lines 227--227
[][] 
 []


Overfull \hbox (6.79999pt too wide) in paragraph at lines 248--248
[][] 
 []


Overfull \hbox (6.79999pt too wide) in paragraph at lines 269--269
[][] 
 []

[211]
Overfull \hbox (6.79999pt too wide) in paragraph at lines 290--290
[][] 
 []


Overfull \hbox (6.79999pt too wide) in paragraph at lines 303--303
[][] 
 []


Overfull \hbox (6.79999pt too wide) in paragraph at lines 318--318
[][] 
 []


Overfull \hbox (6.79999pt too wide) in paragraph at lines 322--322
[][] 
 []


Overfull \hbox (6.79999pt too wide) in paragraph at lines 324--324
[][] 
 []


Overfull \hbox (6.79999pt too wide) in paragraph at lines 327--327
[][] 
 []


Overfull \hbox (6.79999pt too wide) in paragraph at lines 330--330
[][] 
 []

[212]pdfTeX warning (ext4): destination with the same identifier (name{ProbPart
.2}) has been already used, duplicate ignored
<to be read again> 
                   \relax 
l.338 \problempart
                  ) [213]
\openout2 = `forallx-ubc-12-identity.aux'.

 (./forallx-ubc-12-identity.tex
Chapter 12.
[214



] [215] [216]
Underfull \vbox (badness 4416) has occurred while \output is active []

 [217]
[218]
Overfull \hbox (2.41794pt too wide) in paragraph at lines 171--171
[]\OT1/cmr/bx/n/14.4 Identical ob-jects sat-isfy iden-ti-cal pred-i-cates 
 []

[219] [220]
Underfull \hbox (badness 10000) detected at line 226
 []$[]  \OMS/cmsy/m/n/10 9\OML/cmm/m/it/10 x\OMS/cmsy/m/n/10 9\OML/cmm/m/it/10 
y\OMS/cmsy/m/n/10 9\OML/cmm/m/it/10 z\OT1/cmr/m/n/10 (\OML/cmm/m/it/10 x[]y \OT
1/cmr/m/n/10 & \OML/cmm/m/it/10 x[]z \OT1/cmr/m/n/10 & \OML/cmm/m/it/10 y[]z \O
T1/cmr/m/n/10 & \OML/cmm/m/it/10 Ox \OT1/cmr/m/n/10 & \OML/cmm/m/it/10 Oy \OT1/
cmr/m/n/10 & \OML/cmm/m/it/10 Oz \OT1/cmr/m/n/10 & \OML/cmm/m/it/10 Cmx \OT1/cm
r/m/n/10 & \OML/cmm/m/it/10 Cmy \OT1/cmr/m/n/10 & \OML/cmm/m/it/10 Cmz\OT1/cmr/
m/n/10 )  $ 
 []

[221] [222]
Overfull \hbox (6.79999pt too wide) in paragraph at lines 282--282
[][] 
 []

[223]
Overfull \hbox (6.79999pt too wide) in paragraph at lines 318--318
[][] 
 []


Overfull \hbox (6.79999pt too wide) in paragraph at lines 326--326
[][] 
 []

[224]
Overfull \hbox (4.2228pt too wide) in paragraph at lines 346--347
[]\OT1/cmr/m/n/10 We must also take care, when con-struct-ing mod-els from com-
pleted open branches,
 []


Underfull \vbox (badness 10000) has occurred while \output is active []

 [225]pdfTeX warning (ext4): destination with the same identifier (name{ProbPar
t.1}) has been already used, duplicate ignored
<to be read again> 
                   \relax 
l.418 \problempart
                  
Underfull \vbox (badness 10000) has occurred while \output is active []

 [226]pdfTeX warning (ext4): destination with the same identifier (name{ProbPar
t.2}) has been already used, duplicate ignored
<to be read again> 
                   \relax 
l.445 \problempart
                   [227]pdfTeX warning (ext4): destination with the same identi
fier (name{ProbPart.3}) has been already used, duplicate ignored
<to be read again> 
                   \relax 
l.474 \problempart
                  pdfTeX warning (ext4): destination with the same identifier (
name{ProbPart.4}) has been already used, duplicate ignored
<to be read again> 
                   \relax 
l.507 \problempart
                   Using the symbolization key given, translate each English...
[228]pdfTeX warning (ext4): destination with the same identifier (name{ProbPart
.5}) has been already used, duplicate ignored
<to be read again> 
                   \relax 
l.527 \problempart
                   Construct a model to demonstrate each of the following. I...
pdfTeX warning (ext4): destination with the same identifier (name{ProbPart.6}) 
has been already used, duplicate ignored
<to be read again> 
                   \relax 
l.550 \problempart
                   Construct a tree to test the following entailment claims....
pdfTeX warning (ext4): destination with the same identifier (name{ProbPart.7}) 
has been already used, duplicate ignored
<to be read again> 
                   \relax 
l.564 \problempart
                   In \S \ref{sec.quantity} we looked at two different trans...
pdfTeX warning (ext4): destination with the same identifier (name{ProbPart.8}) 
has been already used, duplicate ignored
<to be read again> 
                   \relax 
l.566 \problempart
                   Translate these arguments into QL with identity, and eval...
[229]) [230]
\openout2 = `forallx-ubc-13-QLND.aux'.

 (./forallx-ubc-13-QLND.tex
Chapter 13.
[231



]
Underfull \vbox (badness 10000) has occurred while \output is active []

 [232]
[233]
Underfull \vbox (badness 10000) has occurred while \output is active []

 [234]
[235]
Underfull \vbox (badness 10000) has occurred while \output is active []

 [236]
Underfull \vbox (badness 10000) has occurred while \output is active []

 [237]
[238] [239]
Underfull \vbox (badness 10000) has occurred while \output is active []

 [240]
[241]pdfTeX warning (ext4): destination with the same identifier (name{ProbPart
.1}) has been already used, duplicate ignored
<to be read again> 
                   \relax 
l.346 \problempart
                   [242]pdfTeX warning (ext4): destination with the same identi
fier (name{ProbPart.2}) has been already used, duplicate ignored
<to be read again> 
                   \relax 
l.412 \problempart
                  pdfTeX warning (ext4): destination with the same identifier (
name{ProbPart.3}) has been already used, duplicate ignored
<to be read again> 
                   \relax 
l.423 \problempart
                  pdfTeX warning (ext4): destination with the same identifier (
name{ProbPart.4}) has been already used, duplicate ignored
<to be read again> 
                   \relax 
l.428 \problempart
                  pdfTeX warning (ext4): destination with the same identifier (
name{ProbPart.5}) has been already used, duplicate ignored
<to be read again> 
                   \relax 
l.436 \problempart
                  pdfTeX warning (ext4): destination with the same identifier (
name{ProbPart.6}) has been already used, duplicate ignored
<to be read again> 
                   \relax 
l.451 \problempart
                   [243]pdfTeX warning (ext4): destination with the same identi
fier (name{ProbPart.7}) has been already used, duplicate ignored
<to be read again> 
                   \relax 
l.461 \problempart
                  pdfTeX warning (ext4): destination with the same identifier (
name{ProbPart.8}) has been already used, duplicate ignored
<to be read again> 
                   \relax 
l.473 \problempart
                  pdfTeX warning (ext4): destination with the same identifier (
name{ProbPart.9}) has been already used, duplicate ignored
<to be read again> 
                   \relax 
l.480 \problempart
                  pdfTeX warning (ext4): destination with the same identifier (
name{ProbPart.10}) has been already used, duplicate ignored
<to be read again> 
                   \relax 
l.499 \problempart
                  pdfTeX warning (ext4): destination with the same identifier (
name{ProbPart.11}) has been already used, duplicate ignored
<to be read again> 
                   \relax 
l.513 \problempart
                   [244]pdfTeX warning (ext4): destination with the same identi
fier (name{ProbPart.12}) has been already used, duplicate ignored
<to be read again> 
                   \relax 
l.530 \problempart
                  ) [245]
\openout2 = `forallx-ubc-app-notation.aux'.

 (./forallx-ubc-app-notation.tex
Appendix A.
LaTeX Font Info:    Font shape `OMS/cmr/m/n' in size <7> not available
(Font)              Font shape `OMS/cmsy/m/n' tried instead on input line 20.
[246



] [247]) [248]
\openout2 = `forallx-ubc-app-solutions.aux'.

 (./forallx-ubc-app-solutions.tex
Appendix B.

LaTeX Font Warning: Font shape `OT1/cmr/bx/sc' undefined
(Font)              using `OT1/cmr/bx/n' instead on input line 8.

[249



] [250] [251] [252] [253] [254] [255] [256]
Overfull \hbox (26.07053pt too wide) in paragraph at lines 824--842
[]$[]$ 
 []

[257]
Underfull \vbox (badness 10000) has occurred while \output is active []

 [258]
[259]
Underfull \vbox (badness 10000) has occurred while \output is active []

 [260]
Underfull \vbox (badness 10000) has occurred while \output is active []

 [261]
Underfull \vbox (badness 10000) has occurred while \output is active []

 [262]
[263] [264]
Overfull \hbox (0.51913pt too wide) in paragraph at lines 1267--1268
[]\OT1/cmr/m/n/10 Of the ex-pres-sions listed, only $\OMS/cmsy/m/n/10 8\OML/cmm
/m/it/10 yLby$ \OT1/cmr/m/n/10 is a sub-sti-tu-tion in-stance of $\OMS/cmsy/m/n
/10 9\OML/cmm/m/it/10 x\OMS/cmsy/m/n/10 8\OML/cmm/m/it/10 yLxy$\OT1/cmr/m/n/10 
. 
 []

[265] [266]
Underfull \vbox (badness 1509) has occurred while \output is active []

 [267]
Underfull \vbox (badness 5741) has occurred while \output is active []

 [268]
Underfull \vbox (badness 10000) has occurred while \output is active []

 [269]
Overfull \hbox (8.2374pt too wide) in paragraph at lines 1664--1698
[]$\OMS/cmsy/m/n/10 8\OML/cmm/m/it/10 x\OMS/cmsy/m/n/10 9\OML/cmm/m/it/10 yLxy$
\OT1/cmr/m/n/10 , $\OML/cmm/m/it/10 : [] :$ $\OMS/cmsy/m/n/10 9\OML/cmm/m/it/10
 x\OMS/cmsy/m/n/10 8\OML/cmm/m/it/10 yLxy$ \OT1/cmr/m/n/10 is in-valid.   [] 
 []

[270]

LaTeX Warning: `!h' float specifier changed to `!ht'.

[271] [272] [273] [274] [275]
Overfull \hbox (21.97035pt too wide) in paragraph at lines 2478--2480
[]$\OMS/cmsy/m/n/10 9\OML/cmm/m/it/10 x[]\OMS/cmsy/m/n/10 9\OML/cmm/m/it/10 x[]
\OMS/cmsy/m/n/10 9\OML/cmm/m/it/10 x[]\OMS/cmsy/m/n/10 9\OML/cmm/m/it/10 x[][]D
x[] \OT1/cmr/m/n/10 & \OML/cmm/m/it/10 Dx[] \OT1/cmr/m/n/10 & \OML/cmm/m/it/10 
Dx[] \OT1/cmr/m/n/10 & \OML/cmm/m/it/10 Dx[] \OT1/cmr/m/n/10 & \OML/cmm/m/it/10
 x[] \OMS/cmsy/m/n/10 6\OT1/cmr/m/n/10 = \OML/cmm/m/it/10 x[] \OT1/cmr/m/n/10 &
 \OML/cmm/m/it/10 x[] \OMS/cmsy/m/n/10 6\OT1/cmr/m/n/10 = \OML/cmm/m/it/10 x[] 
\OT1/cmr/m/n/10 & \OML/cmm/m/it/10 x[] \OMS/cmsy/m/n/10 6\OT1/cmr/m/n/10 = \OML
/cmm/m/it/10 x[] \OT1/cmr/m/n/10 & \OML/cmm/m/it/10 x[] \OMS/cmsy/m/n/10 6\OT1/
cmr/m/n/10 =
 []

[276]
Overfull \hbox (37.65967pt too wide) in paragraph at lines 2602--2603
[][] 
 []

[277]
Overfull \hbox (36.45013pt too wide) in paragraph at lines 2664--2665
[][] 
 []


Overfull \vbox (53.52849pt too high) has occurred while \output is active []


Overfull \vbox (53.52849pt too high) has occurred while \output is active []


Overfull \vbox (53.52849pt too high) has occurred while \output is active []


[278]
Missing character: There is no R in font nullfont!
Missing character: There is no a in font nullfont!
Missing character: There is no a in font nullfont!
 [279]
Underfull \vbox (badness 10000) has occurred while \output is active []

 [280]
Overfull \hbox (36.30315pt too wide) in paragraph at lines 2876--2877
[][] 
 []


Underfull \vbox (badness 2772) has occurred while \output is active []

 [281]
Overfull \hbox (48.68117pt too wide) in paragraph at lines 2888--2897
[][] 
 []


Underfull \vbox (badness 10000) has occurred while \output is active []

 [282]
Underfull \vbox (badness 10000) has occurred while \output is active []

 [283]
Underfull \vbox (badness 10000) has occurred while \output is active []

 [284]
Underfull \vbox (badness 10000) has occurred while \output is active []

 [285]
Underfull \vbox (badness 10000) has occurred while \output is active []

 [286]
Underfull \vbox (badness 10000) has occurred while \output is active []

 [287]
Underfull \vbox (badness 10000) has occurred while \output is active []

 [288])
[289]
\openout2 = `forallx-ubc-app-quickreference.aux'.

 (./forallx-ubc-app-quickreference.tex
Underfull \hbox (badness 10000) in alignment at lines 54--81
[][]
 []

[290


]
Overfull \hbox (6.79999pt too wide) in paragraph at lines 118--119
[][] 
 []


Overfull \hbox (6.79999pt too wide) in paragraph at lines 137--138
[][] 
 []


Overfull \hbox (6.79999pt too wide) in paragraph at lines 155--156
[][] 
 []


Overfull \hbox (6.79999pt too wide) in paragraph at lines 170--171
[][] 
 []


Overfull \hbox (6.79999pt too wide) in paragraph at lines 184--185
[][] 
 []


Overfull \hbox (6.79999pt too wide) in paragraph at lines 203--204
[][] 
 []


Overfull \hbox (6.79999pt too wide) in paragraph at lines 218--219
[][] 
 []


Overfull \hbox (6.79999pt too wide) in paragraph at lines 235--236
[][] 
 []


Overfull \hbox (6.79999pt too wide) in paragraph at lines 248--249
[][] 
 []


Overfull \hbox (6.79999pt too wide) in paragraph at lines 272--272
[][] 
 []


Overfull \hbox (6.79999pt too wide) in paragraph at lines 287--287
[][] 
 []


Overfull \hbox (6.79999pt too wide) in paragraph at lines 301--301
[][] 
 []


Overfull \hbox (6.79999pt too wide) in paragraph at lines 316--316
[][] 
 []

[1]
Underfull \vbox (badness 10000) has occurred while \output is active []

pdfTeX warning (ext4): destination with the same identifier (name{page.}) has b
een already used, duplicate ignored
<to be read again> 
                   \relax 
l.487 \newpage
               [2

])pdfTeX warning (ext4): destination with the same identifier (name{page.}) has
 been already used, duplicate ignored
<to be read again> 
                   \relax 
l.55 \include{forallx-ubc-app-quickreference}
                                              [3]
\openout2 = `forallx-ubc-backmatter.aux'.

 (./forallx-ubc-backmatter.tex
Underfull \hbox (badness 10000) in paragraph at lines 23--23

 []


Underfull \hbox (badness 3460) in paragraph at lines 23--23
\OT1/cmr/m/n/10 Jonathan Ichikawa is an as-so-ciate pro-fes-sor
 []

)pdfTeX warning (ext4): destination with the same identifier (name{page.}) has 
been already used, duplicate ignored
<to be read again> 
                   \relax 
l.56 \include{forallx-ubc-backmatter}
                                      [4



]
Package atveryend Info: Empty hook `BeforeClearDocument' on input line 58.
Package atveryend Info: Empty hook `AfterLastShipout' on input line 58.
 (./forallx-ubc.aux
(./forallx-ubc-frontmatter.aux) (./forallx-ubc-preface.aux)
(./forallx-ubc-knownerrors.aux) (./forallx-ubc-1-intro.aux)
(./forallx-ubc-2-sentential.aux) (./forallx-ubc-3-truthtables.aux)
(./forallx-ubc-4-SLmodels.aux) (./forallx-ubc-5-SLtrees.aux)
(./forallx-ubc-6-SLsoundcomplete.aux) (./forallx-ubc-7-SLND.aux)
(./forallx-ubc-8-predicate.aux) (./forallx-ubc-9-QLmodels.aux)
(./forallx-ubc-10-QLtrees.aux) (./forallx-ubc-11-QLsoundcomplete.aux)
(./forallx-ubc-12-identity.aux) (./forallx-ubc-13-QLND.aux)
(./forallx-ubc-app-notation.aux) (./forallx-ubc-app-solutions.aux)
(./forallx-ubc-app-quickreference.aux) (./forallx-ubc-backmatter.aux))
Package atveryend Info: Executing hook `AtVeryEndDocument' on input line 58.
Package atveryend Info: Executing hook `AtEndAfterFileList' on input line 58.
Package rerunfilecheck Info: File `forallx-ubc.out' has not changed.
(rerunfilecheck)             Checksum: 776F233E9357436AC0B761FB43BB4815;9058.


LaTeX Font Warning: Some font shapes were not available, defaults substituted.

Package atveryend Info: Empty hook `AtVeryVeryEnd' on input line 58.
 ) 
Here is how much of TeX's memory you used:
 54698 strings out of 492995
 1213486 string characters out of 6132704
 1107102 words of memory out of 5000000
 56260 multiletter control sequences out of 15000+600000
 23522 words of font info for 78 fonts, out of 8000000 for 9000
 1141 hyphenation exceptions out of 8191
 610i,18n,517p,10400b,10103s stack positions out of 5000i,500n,10000p,200000b,80000s
{/usr/local/texlive/2017/texmf-dist/fonts/enc/dvips/base/8r.enc}</usr/local/t
exlive/2017/texmf-dist/fonts/type1/public/amsfonts/cm/cmbx10.pfb></usr/local/te
xlive/2017/texmf-dist/fonts/type1/public/amsfonts/cm/cmbx12.pfb></usr/local/tex
live/2017/texmf-dist/fonts/type1/public/amsfonts/cm/cmcsc10.pfb></usr/local/tex
live/2017/texmf-dist/fonts/type1/public/amsfonts/cm/cmex10.pfb></usr/local/texl
ive/2017/texmf-dist/fonts/type1/public/amsfonts/cm/cmmi10.pfb></usr/local/texli
ve/2017/texmf-dist/fonts/type1/public/amsfonts/cm/cmmi7.pfb></usr/local/texlive
/2017/texmf-dist/fonts/type1/public/amsfonts/cm/cmr10.pfb></usr/local/texlive/2
017/texmf-dist/fonts/type1/public/amsfonts/cm/cmr7.pfb></usr/local/texlive/2017
/texmf-dist/fonts/type1/public/amsfonts/cm/cmr8.pfb></usr/local/texlive/2017/te
xmf-dist/fonts/type1/public/amsfonts/cm/cmsl10.pfb></usr/local/texlive/2017/tex
mf-dist/fonts/type1/public/amsfonts/cm/cmss10.pfb></usr/local/texlive/2017/texm
f-dist/fonts/type1/public/amsfonts/cm/cmssi10.pfb></usr/local/texlive/2017/texm
f-dist/fonts/type1/public/amsfonts/cm/cmsy10.pfb></usr/local/texlive/2017/texmf
-dist/fonts/type1/public/amsfonts/cm/cmsy7.pfb></usr/local/texlive/2017/texmf-d
ist/fonts/type1/public/amsfonts/cm/cmti10.pfb></usr/local/texlive/2017/texmf-di
st/fonts/type1/public/amsfonts/cm/cmtt10.pfb></usr/local/texlive/2017/texmf-dis
t/fonts/type1/public/amsfonts/cm/cmtt12.pfb></usr/local/texlive/2017/texmf-dist
/fonts/type1/public/amsfonts/cm/cmtt8.pfb></usr/local/texlive/2017/texmf-dist/f
onts/type1/public/amsfonts/symbols/msam10.pfb></usr/local/texlive/2017/texmf-di
st/fonts/type1/public/amsfonts/symbols/msbm10.pfb></usr/local/texlive/2017/texm
f-dist/fonts/type1/urw/zapfchan/uzcmi8a.pfb>
Output written on forallx-ubc.pdf (294 pages, 1012801 bytes).
PDF statistics:
 3772 PDF objects out of 4296 (max. 8388607)
 3420 compressed objects within 35 object streams
 1459 named destinations out of 1728 (max. 500000)
 1101 words of extra memory for PDF output out of 10000 (max. 10000000)

